Using pre-set license
Built from '2020.2/release' branch; Version is '2020.2.2f1 (068178b99f32) revision 426360'; Using compiler version '192528614'; Build Type 'Release'
OS: 'Windows 10 Pro; OS build 19045.6093; Version 2009; 64bit' Language: 'en' Physical Memory: 32694 MB
BatchMode: 1, IsHumanControllingUs: 0, StartBugReporterOnCrash: 0, Is64bit: 1, IsPro: 0

 COMMAND LINE ARGUMENTS:
C:\Program Files\Unity\Editor\Unity.exe
-adb2
-batchMode
-noUpm
-name
AssetImportWorker0
-projectPath
E:/Unity Projects/My First Game/My very first game in Unity
-logFile
Logs/AssetImportWorker0.log
-srvPort
58041
Successfully changed project path to: E:/Unity Projects/My First Game/My very first game in Unity
E:/Unity Projects/My First Game/My very first game in Unity
Using Asset Import Pipeline V2.
Unable to join player connection multicast group.

Refreshing native plugins compatible for Editor in 29.69 ms, found 1 plugins.
Preloading 0 native plugins for Editor in 0.00 ms.
Initialize engine version: 2020.2.2f1 (068178b99f32)
[Subsystems] Discovering subsystems at path C:/Program Files/Unity/Editor/Data/Resources/UnitySubsystems
[Subsystems] Discovering subsystems at path E:/Unity Projects/My First Game/My very first game in Unity/Assets
GfxDevice: creating device client; threaded=0
Direct3D:
    Version:  Direct3D 11.0 [level 11.1]
    Renderer: NVIDIA GeForce GTX 1660 (ID=0x2184)
    Vendor:   
    VRAM:     5966 MB
    Driver:   32.0.15.7652
Initialize mono
Mono path[0] = 'C:/Program Files/Unity/Editor/Data/Managed'
Mono path[1] = 'C:/Program Files/Unity/Editor/Data/MonoBleedingEdge/lib/mono/unityjit'
Mono config path = 'C:/Program Files/Unity/Editor/Data/MonoBleedingEdge/etc'
Using monoOptions --debugger-agent=transport=dt_socket,embedding=1,server=y,suspend=n,address=127.0.0.1:56856
Begin MonoManager ReloadAssembly
Registering precompiled unity dll's ...
Register platform support module: C:/Program Files/Unity/Editor/Data/PlaybackEngines/WindowsStandaloneSupport/UnityEditor.WindowsStandalone.Extensions.dll
Registered in 0.001859 seconds.
Native extension for WindowsStandalone target not found
Refreshing native plugins compatible for Editor in 29.31 ms, found 1 plugins.
Preloading 0 native plugins for Editor in 0.00 ms.
Invoked RoslynAnalysisRunner static constructor.
RoslynAnalysisRunner will not be running.
RoslynAnalysisRunner has terminated.
Mono: successfully reloaded assembly
- Completed reload, in  0.832 seconds
Platform modules already initialized, skipping
Registering precompiled user dll's ...
Registered in 0.000653 seconds.
Begin MonoManager ReloadAssembly
Native extension for WindowsStandalone target not found
Refreshing native plugins compatible for Editor in 30.65 ms, found 1 plugins.
Preloading 0 native plugins for Editor in 0.00 ms.
Invoked RoslynAnalysisRunner static constructor.
RoslynAnalysisRunner will not be running.
RoslynAnalysisRunner has terminated.
Mono: successfully reloaded assembly
- Completed reload, in  0.752 seconds
Platform modules already initialized, skipping
========================================================================
Worker process is ready to serve import requests
Launched and connected shader compiler UnityShaderCompiler.exe after 0.09 seconds
Refreshing native plugins compatible for Editor in 0.48 ms, found 1 plugins.
Preloading 0 native plugins for Editor in 0.00 ms.
Unloading 1793 Unused Serialized files (Serialized files now loaded: 0)
System memory in use before: 84.3 MB.
System memory in use after: 84.4 MB.

Unloading 19 unused Assets to reduce memory usage. Loaded Objects now: 2239.
Total: 2.805600 ms (FindLiveObjects: 0.328200 ms CreateObjectMapping: 0.142600 ms MarkObjects: 2.249900 ms  DeleteObjects: 0.083900 ms)

========================================================================
Received Import Request.
  path: Assets/Scenes/Tutorial.unity
  artifactKey: Guid(22b3903a8cc27d942a7e7932384bb9fc) Importer(815301076,1909f56bfc062723c751e8b465ee728b)
Start importing Assets/Scenes/Tutorial.unity using Guid(22b3903a8cc27d942a7e7932384bb9fc) Importer(815301076,1909f56bfc062723c751e8b465ee728b)  -> (artifact id: '1434edf5e4063aa249c67b3f9218b163') in 0.016238 seconds
  Import took 0.018912 seconds .

========================================================================
Received Prepare
Registering precompiled user dll's ...
Registered in 0.000746 seconds.
Begin MonoManager ReloadAssembly
Native extension for WindowsStandalone target not found
Refreshing native plugins compatible for Editor in 0.38 ms, found 1 plugins.
Preloading 0 native plugins for Editor in 0.00 ms.
Invoked RoslynAnalysisRunner static constructor.
RoslynAnalysisRunner will not be running.
RoslynAnalysisRunner has terminated.
Mono: successfully reloaded assembly
- Completed reload, in  0.646 seconds
Platform modules already initialized, skipping
Refreshing native plugins compatible for Editor in 0.56 ms, found 1 plugins.
Preloading 0 native plugins for Editor in 0.00 ms.
Unloading 1783 Unused Serialized files (Serialized files now loaded: 0)
System memory in use before: 83.9 MB.
System memory in use after: 84.0 MB.

Unloading 7 unused Assets to reduce memory usage. Loaded Objects now: 2242.
Total: 2.362300 ms (FindLiveObjects: 0.298100 ms CreateObjectMapping: 0.054200 ms MarkObjects: 1.991400 ms  DeleteObjects: 0.017700 ms)

========================================================================
Received Import Request.
  Time since last request: 12.852590 seconds.
  path: Assets/Scenes/SampleScene.unity
  artifactKey: Guid(2cda990e2423bbf4892e6590ba056729) Importer(815301076,1909f56bfc062723c751e8b465ee728b)
Start importing Assets/Scenes/SampleScene.unity using Guid(2cda990e2423bbf4892e6590ba056729) Importer(815301076,1909f56bfc062723c751e8b465ee728b)  -> (artifact id: '694ca9c96bcf791ec7b87cc957ec53a1') in 0.014852 seconds
  Import took 0.017414 seconds .

========================================================================
Received Import Request.
  Time since last request: 69.224731 seconds.
  path: Assets/Scripts
  artifactKey: Guid(8ccea04ceb1d68c4287f59ecda81afef) Importer(815301076,1909f56bfc062723c751e8b465ee728b)
Start importing Assets/Scripts using Guid(8ccea04ceb1d68c4287f59ecda81afef) Importer(815301076,1909f56bfc062723c751e8b465ee728b)  -> (artifact id: '1286039a8a91de470cdf6b542c9e6992') in 0.008037 seconds
  Import took 0.010969 seconds .

========================================================================
Received Import Request.
  Time since last request: 24.806297 seconds.
  path: Assets/Scripts/Worker.cs
  artifactKey: Guid(c198307398ce2304f9eb264874621d6b) Importer(815301076,1909f56bfc062723c751e8b465ee728b)
Start importing Assets/Scripts/Worker.cs using Guid(c198307398ce2304f9eb264874621d6b) Importer(815301076,1909f56bfc062723c751e8b465ee728b)  -> (artifact id: '537fa905c6818d0d908745ca4015ba02') in 0.032470 seconds
  Import took 0.034952 seconds .

========================================================================
Received Prepare
Registering precompiled user dll's ...
Registered in 0.000766 seconds.
Begin MonoManager ReloadAssembly
Native extension for WindowsStandalone target not found
Refreshing native plugins compatible for Editor in 0.32 ms, found 1 plugins.
Preloading 0 native plugins for Editor in 0.00 ms.
Invoked RoslynAnalysisRunner static constructor.
RoslynAnalysisRunner will not be running.
RoslynAnalysisRunner has terminated.
Mono: successfully reloaded assembly
- Completed reload, in  0.722 seconds
Platform modules already initialized, skipping
Refreshing native plugins compatible for Editor in 0.57 ms, found 1 plugins.
Preloading 0 native plugins for Editor in 0.00 ms.
Unloading 1784 Unused Serialized files (Serialized files now loaded: 0)
System memory in use before: 84.1 MB.
System memory in use after: 84.2 MB.

Unloading 7 unused Assets to reduce memory usage. Loaded Objects now: 2246.
Total: 2.389300 ms (FindLiveObjects: 0.297200 ms CreateObjectMapping: 0.052500 ms MarkObjects: 2.016900 ms  DeleteObjects: 0.021600 ms)

========================================================================
Received Import Request.
  Time since last request: 23.407115 seconds.
  path: Assets/Prefabs/Ambient Particles.prefab
  artifactKey: Guid(ef9d628e21fa97d409bab4e078996502) Importer(815301076,1909f56bfc062723c751e8b465ee728b)
Start importing Assets/Prefabs/Ambient Particles.prefab using Guid(ef9d628e21fa97d409bab4e078996502) Importer(815301076,1909f56bfc062723c751e8b465ee728b)  -> (artifact id: '8bec03a0ee7722337bedab504bfe46cb') in 0.027694 seconds
  Import took 0.030317 seconds .

========================================================================
Received Import Request.
  Time since last request: 0.000180 seconds.
  path: Assets/Prefabs/Wood.prefab
  artifactKey: Guid(9fb67ba9201107843b4db3c4d4e92d41) Importer(815301076,1909f56bfc062723c751e8b465ee728b)
Start importing Assets/Prefabs/Wood.prefab using Guid(9fb67ba9201107843b4db3c4d4e92d41) Importer(815301076,1909f56bfc062723c751e8b465ee728b)  -> (artifact id: 'e56f2b360e327e1b0340e7108ad77971') in 0.067496 seconds
  Import took 0.069741 seconds .

========================================================================
Received Import Request.
  Time since last request: 0.000296 seconds.
  path: Assets/Prefabs/Worker.prefab
  artifactKey: Guid(2bdbd25b9625fd740a6c4ea8672345b4) Importer(815301076,1909f56bfc062723c751e8b465ee728b)
Start importing Assets/Prefabs/Worker.prefab using Guid(2bdbd25b9625fd740a6c4ea8672345b4) Importer(815301076,1909f56bfc062723c751e8b465ee728b)  -> (artifact id: '047fbebf3233e369491f628c71fbd41f') in 0.023405 seconds
  Import took 0.026012 seconds .

========================================================================
Received Import Request.
  Time since last request: 0.000216 seconds.
  path: Assets/Prefabs/Enemy Spawn Tower.prefab
  artifactKey: Guid(7a4dbb3f1fd0d524cb37f0b9e9620919) Importer(815301076,1909f56bfc062723c751e8b465ee728b)
Start importing Assets/Prefabs/Enemy Spawn Tower.prefab using Guid(7a4dbb3f1fd0d524cb37f0b9e9620919) Importer(815301076,1909f56bfc062723c751e8b465ee728b)  -> (artifact id: '4c135433ed649d5f93756dcd4677d4b9') in 0.026956 seconds
  Import took 0.029249 seconds .

========================================================================
Received Import Request.
  Time since last request: 0.000217 seconds.
  path: Assets/Prefabs/Worker.prefab
  artifactKey: Guid(2bdbd25b9625fd740a6c4ea8672345b4) Importer(815301076,1909f56bfc062723c751e8b465ee728b)
Start importing Assets/Prefabs/Worker.prefab using Guid(2bdbd25b9625fd740a6c4ea8672345b4) Importer(815301076,1909f56bfc062723c751e8b465ee728b)  -> (artifact id: '047fbebf3233e369491f628c71fbd41f') in 0.017072 seconds
  Import took 0.019871 seconds .

========================================================================
Received Import Request.
  Time since last request: 0.000183 seconds.
  path: Assets/Prefabs/Blood Altar.prefab
  artifactKey: Guid(88094bc24974d4b4ba3f0900eb81cef2) Importer(815301076,1909f56bfc062723c751e8b465ee728b)
Start importing Assets/Prefabs/Blood Altar.prefab using Guid(88094bc24974d4b4ba3f0900eb81cef2) Importer(815301076,1909f56bfc062723c751e8b465ee728b)  -> (artifact id: '26765706db4efdb185682e2025992cbe') in 0.035388 seconds
  Import took 0.037747 seconds .

========================================================================
Received Import Request.
  Time since last request: 0.000193 seconds.
  path: Assets/Prefabs/Crystal.prefab
  artifactKey: Guid(52b4dec60de870543ae2f02527bb1daf) Importer(815301076,1909f56bfc062723c751e8b465ee728b)
Start importing Assets/Prefabs/Crystal.prefab using Guid(52b4dec60de870543ae2f02527bb1daf) Importer(815301076,1909f56bfc062723c751e8b465ee728b)  -> (artifact id: '4d60a9ade6836ab367f207d798ac281f') in 0.021194 seconds
  Import took 0.023588 seconds .

========================================================================
Received Import Request.
  Time since last request: 8.380442 seconds.
  path: Assets/Prefabs/Worker.prefab
  artifactKey: Guid(2bdbd25b9625fd740a6c4ea8672345b4) Importer(815301076,1909f56bfc062723c751e8b465ee728b)
Start importing Assets/Prefabs/Worker.prefab using Guid(2bdbd25b9625fd740a6c4ea8672345b4) Importer(815301076,1909f56bfc062723c751e8b465ee728b)  -> (artifact id: 'b471bbdb018e5379534342f89451c628') in 0.017618 seconds
  Import took 0.020278 seconds .

========================================================================
Received Prepare
Registering precompiled user dll's ...
Registered in 0.001520 seconds.
Begin MonoManager ReloadAssembly
Native extension for WindowsStandalone target not found
Refreshing native plugins compatible for Editor in 0.33 ms, found 1 plugins.
Preloading 0 native plugins for Editor in 0.00 ms.
Invoked RoslynAnalysisRunner static constructor.
RoslynAnalysisRunner will not be running.
RoslynAnalysisRunner has terminated.
Mono: successfully reloaded assembly
- Completed reload, in  0.651 seconds
Platform modules already initialized, skipping
Refreshing native plugins compatible for Editor in 0.46 ms, found 1 plugins.
Preloading 0 native plugins for Editor in 0.00 ms.
Unloading 1784 Unused Serialized files (Serialized files now loaded: 0)
System memory in use before: 87.3 MB.
System memory in use after: 87.4 MB.

Unloading 7 unused Assets to reduce memory usage. Loaded Objects now: 2256.
Total: 1.806100 ms (FindLiveObjects: 0.201100 ms CreateObjectMapping: 0.135700 ms MarkObjects: 1.450700 ms  DeleteObjects: 0.017800 ms)

========================================================================
Received Import Request.
  Time since last request: 2464.720162 seconds.
  path: Assets/Scripts/Worker.cs
  artifactKey: Guid(c198307398ce2304f9eb264874621d6b) Importer(815301076,1909f56bfc062723c751e8b465ee728b)
Start importing Assets/Scripts/Worker.cs using Guid(c198307398ce2304f9eb264874621d6b) Importer(815301076,1909f56bfc062723c751e8b465ee728b)  -> (artifact id: 'd9155229a6e9357d3f086df4ba4e3323') in 0.004248 seconds
  Import took 0.007949 seconds .

========================================================================
Received Prepare
Registering precompiled user dll's ...
Registered in 0.000797 seconds.
Begin MonoManager ReloadAssembly
Native extension for WindowsStandalone target not found
Refreshing native plugins compatible for Editor in 0.33 ms, found 1 plugins.
Preloading 0 native plugins for Editor in 0.00 ms.
Invoked RoslynAnalysisRunner static constructor.
RoslynAnalysisRunner will not be running.
RoslynAnalysisRunner has terminated.
Mono: successfully reloaded assembly
- Completed reload, in  0.643 seconds
Platform modules already initialized, skipping
Refreshing native plugins compatible for Editor in 0.40 ms, found 1 plugins.
Preloading 0 native plugins for Editor in 0.00 ms.
Unloading 1784 Unused Serialized files (Serialized files now loaded: 0)
System memory in use before: 87.4 MB.
System memory in use after: 87.5 MB.

Unloading 7 unused Assets to reduce memory usage. Loaded Objects now: 2259.
Total: 1.633400 ms (FindLiveObjects: 0.204000 ms CreateObjectMapping: 0.040700 ms MarkObjects: 1.375800 ms  DeleteObjects: 0.011800 ms)

========================================================================
Received Import Request.
  Time since last request: 41.819526 seconds.
  path: Assets/Scripts/Worker.cs
  artifactKey: Guid(c198307398ce2304f9eb264874621d6b) Importer(815301076,1909f56bfc062723c751e8b465ee728b)
Start importing Assets/Scripts/Worker.cs using Guid(c198307398ce2304f9eb264874621d6b) Importer(815301076,1909f56bfc062723c751e8b465ee728b)  -> (artifact id: '252b61227d8433fce64fc8c2356b1c16') in 0.004192 seconds
  Import took 0.010242 seconds .

========================================================================
Received Prepare
Registering precompiled user dll's ...
Registered in 0.000951 seconds.
Begin MonoManager ReloadAssembly
Native extension for WindowsStandalone target not found
Refreshing native plugins compatible for Editor in 0.34 ms, found 1 plugins.
Preloading 0 native plugins for Editor in 0.00 ms.
Invoked RoslynAnalysisRunner static constructor.
RoslynAnalysisRunner will not be running.
RoslynAnalysisRunner has terminated.
Mono: successfully reloaded assembly
- Completed reload, in  0.763 seconds
Platform modules already initialized, skipping
Refreshing native plugins compatible for Editor in 0.65 ms, found 1 plugins.
Preloading 0 native plugins for Editor in 0.00 ms.
Unloading 1784 Unused Serialized files (Serialized files now loaded: 0)
System memory in use before: 87.5 MB.
System memory in use after: 87.6 MB.

Unloading 7 unused Assets to reduce memory usage. Loaded Objects now: 2262.
Total: 1.800400 ms (FindLiveObjects: 0.212400 ms CreateObjectMapping: 0.043200 ms MarkObjects: 1.527900 ms  DeleteObjects: 0.015700 ms)

========================================================================
Received Prepare
Registering precompiled user dll's ...
Registered in 0.000862 seconds.
Begin MonoManager ReloadAssembly
Native extension for WindowsStandalone target not found
Refreshing native plugins compatible for Editor in 0.61 ms, found 1 plugins.
Preloading 0 native plugins for Editor in 0.00 ms.
Invoked RoslynAnalysisRunner static constructor.
RoslynAnalysisRunner will not be running.
RoslynAnalysisRunner has terminated.
Mono: successfully reloaded assembly
- Completed reload, in  0.733 seconds
Platform modules already initialized, skipping
Refreshing native plugins compatible for Editor in 0.62 ms, found 1 plugins.
Preloading 0 native plugins for Editor in 0.00 ms.
Unloading 1784 Unused Serialized files (Serialized files now loaded: 0)
System memory in use before: 87.5 MB.
System memory in use after: 87.7 MB.

Unloading 7 unused Assets to reduce memory usage. Loaded Objects now: 2265.
Total: 2.130300 ms (FindLiveObjects: 0.212700 ms CreateObjectMapping: 0.046700 ms MarkObjects: 1.851200 ms  DeleteObjects: 0.018700 ms)

========================================================================
Received Import Request.
  Time since last request: 132.996520 seconds.
  path: Assets/Scripts/Worker.cs
  artifactKey: Guid(c198307398ce2304f9eb264874621d6b) Importer(815301076,1909f56bfc062723c751e8b465ee728b)
Start importing Assets/Scripts/Worker.cs using Guid(c198307398ce2304f9eb264874621d6b) Importer(815301076,1909f56bfc062723c751e8b465ee728b)  -> (artifact id: 'c9fe2210140573c3700164879b208f4f') in 0.004073 seconds
  Import took 0.010418 seconds .

========================================================================
Received Import Request.
  Time since last request: 0.000821 seconds.
  path: Assets/Scripts/Worker.cs
  artifactKey: Guid(c198307398ce2304f9eb264874621d6b) Importer(815301076,1909f56bfc062723c751e8b465ee728b)
Start importing Assets/Scripts/Worker.cs using Guid(c198307398ce2304f9eb264874621d6b) Importer(815301076,1909f56bfc062723c751e8b465ee728b)  -> (artifact id: 'c9fe2210140573c3700164879b208f4f') in 0.001968 seconds
  Import took 0.004738 seconds .

========================================================================
Received Prepare
Registering precompiled user dll's ...
Registered in 0.000790 seconds.
Begin MonoManager ReloadAssembly
Native extension for WindowsStandalone target not found
Refreshing native plugins compatible for Editor in 0.48 ms, found 1 plugins.
Preloading 0 native plugins for Editor in 0.00 ms.
Invoked RoslynAnalysisRunner static constructor.
RoslynAnalysisRunner will not be running.
RoslynAnalysisRunner has terminated.
Mono: successfully reloaded assembly
- Completed reload, in  0.722 seconds
Platform modules already initialized, skipping
Refreshing native plugins compatible for Editor in 0.69 ms, found 1 plugins.
Preloading 0 native plugins for Editor in 0.00 ms.
Unloading 1784 Unused Serialized files (Serialized files now loaded: 0)
System memory in use before: 87.6 MB.
System memory in use after: 87.7 MB.

Unloading 7 unused Assets to reduce memory usage. Loaded Objects now: 2268.
Total: 2.050800 ms (FindLiveObjects: 0.219300 ms CreateObjectMapping: 0.045700 ms MarkObjects: 1.771700 ms  DeleteObjects: 0.013200 ms)

========================================================================
Received Import Request.
  Time since last request: 55.675901 seconds.
  path: Assets/Scripts/Worker.cs
  artifactKey: Guid(c198307398ce2304f9eb264874621d6b) Importer(815301076,1909f56bfc062723c751e8b465ee728b)
Start importing Assets/Scripts/Worker.cs using Guid(c198307398ce2304f9eb264874621d6b) Importer(815301076,1909f56bfc062723c751e8b465ee728b)  -> (artifact id: 'e85003c1cf0a7d7454a5d1c4a1202212') in 0.005550 seconds
  Import took 0.008415 seconds .

AssetImportWorkerClient::OnTransportError - code=2 error=End of file
